<?xml version="1.0" encoding="UTF-8"?>
<testsuite xmlns:xsi="http://www.w3.org/2001/XMLSchema-instance" xsi:noNamespaceSchemaLocation="https://maven.apache.org/surefire/maven-surefire-plugin/xsd/surefire-test-report.xsd" name="resources.TransactionControllerTests" time="7.108" tests="7" errors="0" skipped="0" failures="0">
  <properties>
[...]
</properties>
  <testcase name="testPing" classname="resources.TransactionControllerTests" time="0.231"/>
  <testcase name="testLoadFunds_Failure" classname="resources.TransactionControllerTests" time="0.158"/>
  <testcase name="testSetServerTime" classname="resources.TransactionControllerTests" time="0.012"/>
  <testcase name="testAuthorizeTransaction_Failure" classname="resources.TransactionControllerTests" time="0.011"/>
  <testcase name="testAuthorizeTransaction" classname="resources.TransactionControllerTests" time="0.007"/>
  <testcase name="testLoadFunds_NegativeAmount" classname="resources.TransactionControllerTests" time="0.004"/>
  <testcase name="testLoadFunds" classname="resources.TransactionControllerTests" time="0.004"/>
</testsuite>